\BOOKMARK [0][-]{chapter.1}{\376\377\000I\000n\000t\000r\000o\000d\000u\000c\000t\000i\000o\000n}{}% 1
\BOOKMARK [0][-]{chapter.2}{\376\377\000O\000v\000e\000r\000v\000i\000e\000w}{}% 2
\BOOKMARK [0][-]{chapter.3}{\376\377\000M\000o\000d\000e\000l\000s\000\040\000a\000n\000d\000\040\000n\000a\000v\000i\000g\000a\000t\000i\000o\000n}{}% 3
\BOOKMARK [1][-]{section.3.1}{\376\377\000M\000o\000d\000e\000l}{chapter.3}% 4
\BOOKMARK [1][-]{section.3.2}{\376\377\000N\000a\000v\000i\000g\000a\000t\000o\000r}{chapter.3}% 5
\BOOKMARK [1][-]{section.3.3}{\376\377\000M\000e\000t\000a\000\040\000M\000o\000d\000e\000l\000\040\000N\000a\000v\000i\000g\000a\000t\000o\000r}{chapter.3}% 6
\BOOKMARK [1][-]{section.3.4}{\376\377\000F\000a\000c\000t\000o\000r\000\040\000O\000r\000a\000c\000l\000e\000\040\000N\000a\000v\000i\000g\000a\000t\000o\000r}{chapter.3}% 7
\BOOKMARK [0][-]{chapter.4}{\376\377\000H\000a\000n\000d\000l\000e\000\040\000g\000e\000n\000e\000r\000a\000t\000i\000o\000n}{}% 8
\BOOKMARK [1][-]{section.4.1}{\376\377\000Q\000u\000e\000r\000y}{chapter.4}% 9
\BOOKMARK [1][-]{section.4.2}{\376\377\000G\000e\000n\000e\000r\000a\000t\000o\000r}{chapter.4}% 10
\BOOKMARK [0][-]{chapter.5}{\376\377\000P\000a\000t\000t\000e\000r\000n\000\040\000m\000a\000t\000c\000h\000i\000n\000g\000\040\000a\000l\000g\000o\000r\000i\000t\000h\000m\000s}{}% 11
\BOOKMARK [1][-]{section.5.1}{\376\377\000P\000r\000e\000f\000i\000x\000\040\000i\000n\000d\000e\000x\000i\000n\000g\000\040\000a\000l\000g\000o\000r\000i\000t\000h\000m\000s}{chapter.5}% 12
\BOOKMARK [1][-]{section.5.2}{\376\377\000U\000s\000i\000n\000g\000\040\000I\000n\000t\000e\000r\000v\000a\000l\000s}{chapter.5}% 13
\BOOKMARK [0][-]{chapter.6}{\376\377\000E\000v\000e\000n\000t\000,\000\040\000L\000a\000b\000e\000l\000,\000\040\000T\000r\000a\000n\000s\000f\000o\000r\000m\000a\000t\000i\000o\000n}{}% 14
\BOOKMARK [1][-]{section.6.1}{\376\377\000L\000a\000b\000e\000l}{chapter.6}% 15
\BOOKMARK [1][-]{section.6.2}{\376\377\000T\000r\000a\000n\000s\000f\000o\000r\000m\000s}{chapter.6}% 16
\BOOKMARK [0][-]{chapter.7}{\376\377\000O\000S\000C\000\040\000c\000o\000m\000m\000u\000n\000i\000c\000a\000t\000i\000o\000n}{}% 17
\BOOKMARK [1][-]{section.7.1}{\376\377\000O\000S\000C\000\040\000A\000G\000E\000N\000T}{chapter.7}% 18
\BOOKMARK [0][-]{chapter.8}{\376\377\000M\000e\000m\000o\000r\000y\000\040\000a\000n\000d\000\040\000c\000o\000r\000p\000u\000s}{}% 19
\BOOKMARK [1][-]{section.8.1}{\376\377\000G\000e\000n\000e\000r\000a\000t\000o\000r\000\040\000B\000u\000i\000l\000d\000e\000r}{chapter.8}% 20
\BOOKMARK [0][-]{chapter.9}{\376\377\000I\000n\000d\000i\000c\000e\000s\000\040\000a\000n\000d\000\040\000t\000a\000b\000l\000e\000s}{}% 21
\BOOKMARK [0][-]{section*.102}{\376\377\000P\000y\000t\000h\000o\000n\000\040\000M\000o\000d\000u\000l\000e\000\040\000I\000n\000d\000e\000x}{}% 22
\BOOKMARK [0][-]{section*.103}{\376\377\000I\000n\000d\000e\000x}{}% 23
